This is LuaTeX, Version beta-0.70.1-2011061416 (rev 4277)  (format=lualatex 2012.1.6)  20 MAR 2012 13:22
 restricted \write18 enabled.
**cover_front.tex
(./cover_front.tex
LaTeX2e <2011/06/27>
LuaTeX adaptation of babel <v3.8l-luatex-1.4> and hyphenation patterns for engl
ish, dumylang, nohyphenation, loaded.
(/home/hotaru/texlive/2011/texmf-dist/tex/latex/memoir/memoir.cls
Document Class: memoir 2011/03/06 v3.6j configurable book, report, article docu
ment class
\onelineskip=\skip41
\lxvchars=\skip42
\xlvchars=\skip43
\@memcnta=\count79
\c@@memmarkcntra=\count80
(/home/hotaru/texlive/2011/texmf-dist/tex/generic/oberdiek/ifpdf.sty
Package: ifpdf 2011/01/30 v2.3 Provides the ifpdf switch (HO)
Package ifpdf Info: pdfTeX in PDF mode is detected.
)
(/home/hotaru/texlive/2011/texmf-dist/tex/latex/ifetex/ifetex.sty
Package: ifetex 2011/12/15 v1.2 ifetex

(/home/hotaru/texlive/2011/texmf-dist/tex/plain/ifetex/ifetex.tex))
(/home/hotaru/texlive/2011/texmf-dist/tex/generic/ifxetex/ifxetex.sty
Package: ifxetex 2010/09/12 v0.6 Provides ifxetex conditional
)
(/home/hotaru/texlive/2011/texmf-dist/tex/generic/oberdiek/ifluatex.sty
Package: ifluatex 2010/03/01 v1.3 Provides the ifluatex switch (HO)
Package ifluatex Info: LuaTeX detected.
)
\stockheight=\skip44
\stockwidth=\skip45
\trimtop=\skip46
\trimedge=\skip47

(/home/hotaru/texlive/2011/texmf-dist/tex/latex/etex-pkg/etex.sty
Package: etex 1998/03/26 v2.0 eTeX basic definition package (PEB)
\et@xins=\count81
)
(/home/hotaru/texlive/2011/texmf-dist/tex/latex/memoir/mem11.clo
File: mem11.clo 2008/01/30 v0.3 memoir class 11pt size option
)
\binding=\skip48
\spinemargin=\skip49
\foremargin=\skip50
\uppermargin=\skip51
\lowermargin=\skip52
\headdrop=\skip53
\normalrulethickness=\skip54
\mem@maxheadheight=\skip55
\mem@maxfootheight=\skip56
\headwidth=\skip57
\c@storedpagenumber=\count82
\memPD=\dimen102
\m@mabparskip=\skip58
\thanksmarkwidth=\skip59
\thanksmarksep=\skip60
\droptitle=\skip61
\c@book=\count83
\c@part=\count84
\c@chapter=\count85
\c@section=\count86
\c@subsection=\count87
\c@subsubsection=\count88
\c@paragraph=\count89
\c@subparagraph=\count90
\beforechapskip=\skip62
\midchapskip=\skip63
\afterchapskip=\skip64
\chapindent=\skip65
\bottomsectionskip=\skip66
\secindent=\skip67
\beforesecskip=\skip68
\aftersecskip=\skip69
\subsecindent=\skip70
\beforesubsecskip=\skip71
\aftersubsecskip=\skip72
\subsubsecindent=\skip73
\beforesubsubsecskip=\skip74
\aftersubsubsecskip=\skip75
\paraindent=\skip76
\beforeparaskip=\skip77
\afterparaskip=\skip78
\subparaindent=\skip79
\beforesubparaskip=\skip80
\aftersubparaskip=\skip81
\pfbreakskip=\skip82
\c@@ppsavesec=\count91
\c@@ppsaveapp=\count92
\ragrparindent=\dimen103
\everylistparindent=\dimen104
\parsepi=\skip83
\topsepi=\skip84
\itemsepi=\skip85
\parsepii=\skip86
\topsepii=\skip87
\topsepiii=\skip88
\itemsepii=\skip89
\itemsepiii=\skip90
\partopsepii=\skip91
\partopsepiii=\skip92
\m@msavetopsep=\skip93
\m@msavepartopsep=\skip94
\@enLab=\toks14
\abstitleskip=\skip95
\absleftindent=\skip96
\abs@leftindent=\dimen105
\absrightindent=\skip97
\absparindent=\skip98
\absparsep=\skip99
\c@vslineno=\count93
\c@poemline=\count94
\c@modulo@vs=\count95
\c@memfvsline=\count96
\vleftskip=\skip100
\vrightskip=\skip101
\stanzaskip=\skip102
\versewidth=\skip103
\vgap=\skip104
\vindent=\skip105
\vleftmargin=\dimen106
\c@verse=\count97
\c@chrsinstr=\count98
\beforepoemtitleskip=\skip106
\afterpoemtitleskip=\skip107
\c@poem=\count99
\beforePoemTitleskip=\skip108
\midPoemTitleskip=\skip109
\afterPoemTitleskip=\skip110
\col@sep=\dimen107
\extrarowheight=\dimen108
\NC@list=\toks15
\extratabsurround=\skip111
\backup@length=\skip112
\TX@col@width=\dimen109
\TX@old@table=\dimen110
\TX@old@col=\dimen111
\TX@target=\dimen112
\TX@delta=\dimen113
\TX@cols=\count100
\TX@ftn=\toks16
\heavyrulewidth=\dimen114
\lightrulewidth=\dimen115
\cmidrulewidth=\dimen116
\belowrulesep=\dimen117
\belowbottomsep=\dimen118
\aboverulesep=\dimen119
\abovetopsep=\dimen120
\cmidrulesep=\dimen121
\cmidrulekern=\dimen122
\defaultaddspace=\dimen123
\@cmidla=\count101
\@cmidlb=\count102
\@aboverulesep=\dimen124
\@belowrulesep=\dimen125
\@thisruleclass=\count103
\@lastruleclass=\count104
\@thisrulewidth=\dimen126
\ctableftskip=\skip113
\ctabrightskip=\skip114
\abovecolumnspenalty=\count105
\@linestogo=\count106
\@cellstogo=\count107
\@cellsincolumn=\count108
\crtok=\toks17
\@mincolumnwidth=\dimen127
\c@newflo@tctr=\count109
\mem@margin@floatbox=\box26
\@contcwidth=\skip115
\@contindw=\skip116
\abovecaptionskip=\skip117
\belowcaptionskip=\skip118
\subfloattopskip=\skip119
\subfloatcapskip=\skip120
\subfloatcaptopadj=\skip121
\subfloatbottomskip=\skip122
\subfloatlabelskip=\skip123
\subfloatcapmargin=\dimen128
\c@@contsubnum=\count110
\m@mscap@capbox=\box27
\m@mscap@fbox=\box28
\sidecapsep=\dimen129
\sidecapwidth=\dimen130
\m@m@tempdima=\dimen131
\m@mscapraise=\dimen132
\sidecapraise=\dimen133
\m@mscapmainwidth=\dimen134
\m@mscaplkern=\dimen135
\beforeepigraphskip=\skip124
\afterepigraphskip=\skip125
\epigraphwidth=\skip126
\epigraphrule=\skip127
LaTeX Info: Redefining \em on input line 7377.
LaTeX Info: Redefining \emph on input line 7385.
\tocentryskip=\skip128
\tocbaseline=\skip129
\cftparskip=\skip130
\cftbeforebookskip=\skip131
\cftbookindent=\dimen136
\cftbooknumwidth=\dimen137
\cftbeforepartskip=\skip132
\cftpartindent=\skip133
\cftpartnumwidth=\skip134
\cftbeforechapterskip=\skip135
\cftchapterindent=\skip136
\cftchapternumwidth=\skip137
\cftbeforesectionskip=\skip138
\cftsectionindent=\skip139
\cftsectionnumwidth=\skip140
\cftbeforesubsectionskip=\skip141
\cftsubsectionindent=\skip142
\cftsubsectionnumwidth=\skip143
\cftbeforesubsubsectionskip=\skip144
\cftsubsubsectionindent=\skip145
\cftsubsubsectionnumwidth=\skip146
\cftbeforeparagraphskip=\skip147
\cftparagraphindent=\skip148
\cftparagraphnumwidth=\skip149
\cftbeforesubparagraphskip=\skip150
\cftsubparagraphindent=\skip151
\cftsubparagraphnumwidth=\skip152
\prechapterprecisshift=\dimen138
\c@maxsecnumdepth=\count111
\bibindent=\dimen139
\bibitemsep=\skip153
\indexcolsep=\skip154
\indexrule=\skip155
\indexmarkstyle=\toks18
\@indexbox=\insert233
\glossarycolsep=\dimen140
\glossaryrule=\dimen141
\sideparvshift=\skip156
\sideins=\insert232
\sidebartopsep=\skip157
\sidebarhsep=\skip158
\sidebarvsep=\skip159
\sidebarwidth=\skip160
\footmarkwidth=\skip161
\footmarksep=\skip162
\footparindent=\skip163
\footinsdim=\skip164
\footinsv@r=\insert231
\@mpfootinsv@r=\insert230
\m@m@k=\count112
\m@m@h=\dimen142
\m@mipn@skip=\skip165
\sidefootins=\insert229
\sidefootadjust=\skip166
\sidefootheight=\skip167
\sidefoothsep=\skip168
\sidefootvsep=\skip169
\sidefootwidth=\skip170
\m@mdownsf=\skip171
\c@sidefootnote=\count113
\sidefootmarkwidth=\skip172
\sidefootmarksep=\skip173
\sidefootparindent=\skip174
\c@pagenote=\count114
\c@pagenoteshadow=\count115
\mem@pn@lastkern=\skip175
\every@verbatim=\toks19
\afterevery@verbatim=\toks20
\verbatim@line=\toks21
\tab@position=\count116
\verbatim@in@stream=\read1
\verbatimindent=\skip176
\verbatim@out=\write3
\bvboxsep=\skip177
\c@memfbvline=\count117
\c@bvlinectr=\count118
\bvnumlength=\skip178
\fb@frw=\dimen143
\fb@frh=\dimen144
\FrameRule=\dimen145
\FrameSep=\dimen146
\c@cp@cntr=\count119
LaTeX Info: Redefining \: on input line 11807.
LaTeX Info: Redefining \! on input line 11809.
\c@ism@mctr=\count120
\c@xsm@mctr=\count121
\c@csm@mctr=\count122
\c@ksm@mctr=\count123
\c@xksm@mctr=\count124
\c@cksm@mctr=\count125
\c@msm@mctr=\count126
\c@xmsm@mctr=\count127
\c@cmsm@mctr=\count128
\c@bsm@mctr=\count129
\c@workm@mctr=\count130
\c@sheetsequence=\count131
\c@lastsheet=\count132
\c@lastpage=\count133
\c@figure=\count134
\c@lofdepth=\count135
\cftbeforefigureskip=\skip179
\cftfigureindent=\skip180
\cftfigurenumwidth=\skip181
\c@table=\count136
\c@lotdepth=\count137
\cftbeforetableskip=\skip182
\cfttableindent=\skip183
\cfttablenumwidth=\skip184
Package abstract [2008/07/23] emulated by memoir.
Package appendix [2008/07/23] emulated by memoir.
Package array [2008/07/23] emulated by memoir.
Package booktabs [2008/07/23] emulated by memoir.
Package ccaption [2008/07/23] emulated by memoir.
Package changepage [2008/07/23] emulated by memoir.
Package chngcntr [2008/07/23] emulated by memoir.
Package chngpage [2008/07/23] emulated by memoir.
Package crop emulated by memoir.
Package dcolumn [2008/07/23] emulated by memoir.
Package delarray [2008/07/23] emulated by memoir.
Package enumerate [2008/07/23] emulated by memoir.
Package epigraph [2008/07/23] emulated by memoir.
Package ifmtarg [2008/07/23] emulated by memoir.
Package index [2008/07/23] emulated by memoir.
Package makeidx [2008/07/23] emulated by memoir.
Package moreverb [2008/07/23] emulated by memoir.
Package mparhack [2008/07/23] emulated by memoir.
Package needspace [2008/07/23] emulated by memoir.
Package newfile [2008/07/23] emulated by memoir.
Package nextpage [2008/07/23] emulated by memoir.
Package pagenote [2008/07/23] emulated by memoir.
Package parskip [2008/07/23] emulated by memoir.
Package patchcmd [2008/07/23] emulated by memoir.
Package setspace [2008/07/23] emulated by memoir.
Package shortvrb [2008/07/23] emulated by memoir.
Package showidx [2008/07/23] emulated by memoir.
Package tabularx [2008/07/23] emulated by memoir.
Package titleref [2008/07/23] emulated by memoir.
Package titling [2008/07/23] emulated by memoir.
Package tocbibind [2008/07/23] emulated by memoir.
Package tocloft [2008/07/23] emulated by memoir.
Package tocvsec2 [2008/07/23] emulated by memoir.
Package verbatim [2008/07/23] emulated by memoir.
Package verse [2008/07/23] emulated by memoir.

(/home/hotaru/texlive/2011/texmf-dist/tex/latex/memoir/mempatch.sty
Package: mempatch 2009/07/24 v6.0f Patches for memoir class v1.6180339
))
(/home/hotaru/texlive/2011/texmf-dist/tex/latex/soul/soul.sty
Package: soul 2003/11/17 v2.4 letterspacing/underlining (mf)
\SOUL@word=\toks22
\SOUL@lasttoken=\toks23
\SOUL@cmds=\toks24
\SOUL@buffer=\toks25
\SOUL@token=\toks26
\SOUL@spaceskip=\skip185
\SOUL@ttwidth=\dimen147
\SOUL@uldp=\dimen148
\SOUL@ulht=\dimen149
)
(/home/hotaru/texlive/2011/texmf-dist/tex/latex/xcolor/xcolor.sty
Package: xcolor 2007/01/21 v2.11 LaTeX color extensions (UK)

(/home/hotaru/texlive/2011/texmf-dist/tex/latex/latexconfig/color.cfg
File: color.cfg 2007/01/18 v1.5 color configuration of teTeX/TeXLive
)
Package xcolor Info: Driver file: pdftex.def on input line 225.

(/home/hotaru/texlive/2011/texmf-dist/tex/latex/pdftex-def/pdftex.def
File: pdftex.def 2011/05/27 v0.06d Graphics/color for pdfTeX

(/home/hotaru/texlive/2011/texmf-dist/tex/generic/oberdiek/infwarerr.sty
Package: infwarerr 2010/04/08 v1.3 Providing info/warning/message (HO)
)
(/home/hotaru/texlive/2011/texmf-dist/tex/generic/oberdiek/ltxcmds.sty
Package: ltxcmds 2011/04/18 v1.20 LaTeX kernel commands for general use (HO)
)
(/home/hotaru/texlive/2011/texmf-dist/tex/generic/oberdiek/pdftexcmds.sty
Package: pdftexcmds 2011/04/22 v0.16 Utilities of pdfTeX for LuaTeX (HO)
Package pdftexcmds Info: \pdf@primitive is available.
Package pdftexcmds Info: \pdf@ifprimitive is available.
Package pdftexcmds Info: \pdfdraftmode found.

(/home/hotaru/texlive/2011/texmf-dist/tex/generic/oberdiek/luatex-loader.sty
Package: luatex-loader 2010/03/09 v0.4 Lua module loader (HO)

(/home/hotaru/texlive/2011/texmf-dist/scripts/oberdiek/oberdiek.luatex.lua))
\pdftexcmds@toks=\toks27
)
\Gread@gobject=\count138
)
Package xcolor Info: Model `cmy' substituted by `cmy0' on input line 1337.
Package xcolor Info: Model `hsb' substituted by `rgb' on input line 1341.
Package xcolor Info: Model `RGB' extended on input line 1353.
Package xcolor Info: Model `HTML' substituted by `rgb' on input line 1355.
Package xcolor Info: Model `Hsb' substituted by `hsb' on input line 1356.
Package xcolor Info: Model `tHsb' substituted by `hsb' on input line 1357.
Package xcolor Info: Model `HSB' substituted by `hsb' on input line 1358.
Package xcolor Info: Model `Gray' substituted by `gray' on input line 1359.
Package xcolor Info: Model `wave' substituted by `hsb' on input line 1360.
) (/home/hotaru/texlive/2011/texmf-dist/tex/latex/graphics/graphicx.sty
Package: graphicx 1999/02/16 v1.0f Enhanced LaTeX Graphics (DPC,SPQR)

(/home/hotaru/texlive/2011/texmf-dist/tex/latex/graphics/keyval.sty
Package: keyval 1999/03/16 v1.13 key=value parser (DPC)
\KV@toks@=\toks28
)
(/home/hotaru/texlive/2011/texmf-dist/tex/latex/graphics/graphics.sty
Package: graphics 2009/02/05 v1.0o Standard LaTeX Graphics (DPC,SPQR)

(/home/hotaru/texlive/2011/texmf-dist/tex/latex/graphics/trig.sty
Package: trig 1999/03/16 v1.09 sin cos tan (DPC)
)
(/home/hotaru/texlive/2011/texmf-dist/tex/latex/latexconfig/graphics.cfg
File: graphics.cfg 2010/04/23 v1.9 graphics configuration of TeX Live
)
Package graphics Info: Driver file: pdftex.def on input line 91.
)
\Gin@req@height=\dimen150
\Gin@req@width=\dimen151
)
(/home/hotaru/texlive/2011/texmf-dist/tex/latex/pgf/frontendlayer/tikz.sty
(/home/hotaru/texlive/2011/texmf-dist/tex/latex/pgf/basiclayer/pgf.sty
(/home/hotaru/texlive/2011/texmf-dist/tex/latex/pgf/utilities/pgfrcs.sty
(/home/hotaru/texlive/2011/texmf-dist/tex/generic/pgf/utilities/pgfutil-common.
tex
\pgfutil@everybye=\toks29
)
(/home/hotaru/texlive/2011/texmf-dist/tex/generic/pgf/utilities/pgfutil-latex.d
ef
\pgfutil@abb=\box29
 (/home/hotaru/texlive/2011/texmf-dist/tex/latex/ms/everyshi.sty
Package: everyshi 2001/05/15 v3.00 EveryShipout Package (MS)
))
(/home/hotaru/texlive/2011/texmf-dist/tex/generic/pgf/utilities/pgfrcs.code.tex
Package: pgfrcs 2010/10/25 v2.10 (rcs-revision 1.24)
))
Package: pgf 2008/01/15 v2.10 (rcs-revision 1.12)
 (/home/hotaru/texlive/2011/texmf-dist/tex/latex/pgf/basiclayer/pgfcore.sty
(/home/hotaru/texlive/2011/texmf-dist/tex/latex/pgf/systemlayer/pgfsys.sty
(/home/hotaru/texlive/2011/texmf-dist/tex/generic/pgf/systemlayer/pgfsys.code.t
ex
Package: pgfsys 2010/06/30 v2.10 (rcs-revision 1.37)

(/home/hotaru/texlive/2011/texmf-dist/tex/generic/pgf/utilities/pgfkeys.code.te
x
\pgfkeys@pathtoks=\toks30
\pgfkeys@temptoks=\toks31

(/home/hotaru/texlive/2011/texmf-dist/tex/generic/pgf/utilities/pgfkeysfiltered
.code.tex
\pgfkeys@tmptoks=\toks32
))
\pgf@x=\dimen152
\pgf@y=\dimen153
\pgf@xa=\dimen154
\pgf@ya=\dimen155
\pgf@xb=\dimen156
\pgf@yb=\dimen157
\pgf@xc=\dimen158
\pgf@yc=\dimen159
\w@pgf@writea=\write4
\r@pgf@reada=\read2
\c@pgf@counta=\count139
\c@pgf@countb=\count140
\c@pgf@countc=\count141
\c@pgf@countd=\count142

(/home/hotaru/texlive/2011/texmf-dist/tex/generic/pgf/systemlayer/pgf.cfg
File: pgf.cfg 2008/05/14  (rcs-revision 1.7)
)
Package pgfsys Info: Driver file for pgf: pgfsys-pdftex.def on input line 900.

(/home/hotaru/texlive/2011/texmf-dist/tex/generic/pgf/systemlayer/pgfsys-pdftex
.def
File: pgfsys-pdftex.def 2009/05/22  (rcs-revision 1.26)

(/home/hotaru/texlive/2011/texmf-dist/tex/generic/pgf/systemlayer/pgfsys-common
-pdf.def
File: pgfsys-common-pdf.def 2008/05/19  (rcs-revision 1.10)
)))
(/home/hotaru/texlive/2011/texmf-dist/tex/generic/pgf/systemlayer/pgfsyssoftpat
h.code.tex
File: pgfsyssoftpath.code.tex 2008/07/18  (rcs-revision 1.7)
\pgfsyssoftpath@smallbuffer@items=\count143
\pgfsyssoftpath@bigbuffer@items=\count144
)
(/home/hotaru/texlive/2011/texmf-dist/tex/generic/pgf/systemlayer/pgfsysprotoco
l.code.tex
File: pgfsysprotocol.code.tex 2006/10/16  (rcs-revision 1.4)
))
(/home/hotaru/texlive/2011/texmf-dist/tex/generic/pgf/basiclayer/pgfcore.code.t
ex
Package: pgfcore 2010/04/11 v2.10 (rcs-revision 1.7)
 (/home/hotaru/texlive/2011/texmf-dist/tex/generic/pgf/math/pgfmath.code.tex
(/home/hotaru/texlive/2011/texmf-dist/tex/generic/pgf/math/pgfmathcalc.code.tex

(/home/hotaru/texlive/2011/texmf-dist/tex/generic/pgf/math/pgfmathutil.code.tex
)
(/home/hotaru/texlive/2011/texmf-dist/tex/generic/pgf/math/pgfmathparser.code.t
ex
\pgfmath@dimen=\dimen160
\pgfmath@count=\count145
\pgfmath@box=\box30
\pgfmath@toks=\toks33
\pgfmath@stack@operand=\toks34
\pgfmath@stack@operation=\toks35
)
(/home/hotaru/texlive/2011/texmf-dist/tex/generic/pgf/math/pgfmathfunctions.cod
e.tex
(/home/hotaru/texlive/2011/texmf-dist/tex/generic/pgf/math/pgfmathfunctions.bas
ic.code.tex)
(/home/hotaru/texlive/2011/texmf-dist/tex/generic/pgf/math/pgfmathfunctions.tri
gonometric.code.tex)
(/home/hotaru/texlive/2011/texmf-dist/tex/generic/pgf/math/pgfmathfunctions.ran
dom.code.tex)
(/home/hotaru/texlive/2011/texmf-dist/tex/generic/pgf/math/pgfmathfunctions.com
parison.code.tex)
(/home/hotaru/texlive/2011/texmf-dist/tex/generic/pgf/math/pgfmathfunctions.bas
e.code.tex)
(/home/hotaru/texlive/2011/texmf-dist/tex/generic/pgf/math/pgfmathfunctions.rou
nd.code.tex)
(/home/hotaru/texlive/2011/texmf-dist/tex/generic/pgf/math/pgfmathfunctions.mis
c.code.tex)))
(/home/hotaru/texlive/2011/texmf-dist/tex/generic/pgf/math/pgfmathfloat.code.te
x
\c@pgfmathroundto@lastzeros=\count146
))
(/home/hotaru/texlive/2011/texmf-dist/tex/generic/pgf/basiclayer/pgfcorepoints.
code.tex
File: pgfcorepoints.code.tex 2010/04/09  (rcs-revision 1.20)
\pgf@picminx=\dimen161
\pgf@picmaxx=\dimen162
\pgf@picminy=\dimen163
\pgf@picmaxy=\dimen164
\pgf@pathminx=\dimen165
\pgf@pathmaxx=\dimen166
\pgf@pathminy=\dimen167
\pgf@pathmaxy=\dimen168
\pgf@xx=\dimen169
\pgf@xy=\dimen170
\pgf@yx=\dimen171
\pgf@yy=\dimen172
\pgf@zx=\dimen173
\pgf@zy=\dimen174
)
(/home/hotaru/texlive/2011/texmf-dist/tex/generic/pgf/basiclayer/pgfcorepathcon
struct.code.tex
File: pgfcorepathconstruct.code.tex 2010/08/03  (rcs-revision 1.24)
\pgf@path@lastx=\dimen175
\pgf@path@lasty=\dimen176
)
(/home/hotaru/texlive/2011/texmf-dist/tex/generic/pgf/basiclayer/pgfcorepathusa
ge.code.tex
File: pgfcorepathusage.code.tex 2008/04/22  (rcs-revision 1.12)
\pgf@shorten@end@additional=\dimen177
\pgf@shorten@start@additional=\dimen178
)
(/home/hotaru/texlive/2011/texmf-dist/tex/generic/pgf/basiclayer/pgfcorescopes.
code.tex
File: pgfcorescopes.code.tex 2010/09/08  (rcs-revision 1.34)
\pgfpic=\box31
\pgf@hbox=\box32
\pgf@layerbox@main=\box33
\pgf@picture@serial@count=\count147
)
(/home/hotaru/texlive/2011/texmf-dist/tex/generic/pgf/basiclayer/pgfcoregraphic
state.code.tex
File: pgfcoregraphicstate.code.tex 2008/04/22  (rcs-revision 1.9)
\pgflinewidth=\dimen179
)
(/home/hotaru/texlive/2011/texmf-dist/tex/generic/pgf/basiclayer/pgfcoretransfo
rmations.code.tex
File: pgfcoretransformations.code.tex 2009/06/10  (rcs-revision 1.11)
\pgf@pt@x=\dimen180
\pgf@pt@y=\dimen181
\pgf@pt@temp=\dimen182
)
(/home/hotaru/texlive/2011/texmf-dist/tex/generic/pgf/basiclayer/pgfcorequick.c
ode.tex
File: pgfcorequick.code.tex 2008/10/09  (rcs-revision 1.3)
)
(/home/hotaru/texlive/2011/texmf-dist/tex/generic/pgf/basiclayer/pgfcoreobjects
.code.tex
File: pgfcoreobjects.code.tex 2006/10/11  (rcs-revision 1.2)
)
(/home/hotaru/texlive/2011/texmf-dist/tex/generic/pgf/basiclayer/pgfcorepathpro
cessing.code.tex
File: pgfcorepathprocessing.code.tex 2008/10/09  (rcs-revision 1.8)
)
(/home/hotaru/texlive/2011/texmf-dist/tex/generic/pgf/basiclayer/pgfcorearrows.
code.tex
File: pgfcorearrows.code.tex 2008/04/23  (rcs-revision 1.11)
)
(/home/hotaru/texlive/2011/texmf-dist/tex/generic/pgf/basiclayer/pgfcoreshade.c
ode.tex
File: pgfcoreshade.code.tex 2008/11/23  (rcs-revision 1.13)
\pgf@max=\dimen183
\pgf@sys@shading@range@num=\count148
)
(/home/hotaru/texlive/2011/texmf-dist/tex/generic/pgf/basiclayer/pgfcoreimage.c
ode.tex
File: pgfcoreimage.code.tex 2010/03/25  (rcs-revision 1.16)

(/home/hotaru/texlive/2011/texmf-dist/tex/generic/pgf/basiclayer/pgfcoreexterna
l.code.tex
File: pgfcoreexternal.code.tex 2010/09/01  (rcs-revision 1.17)
\pgfexternal@startupbox=\box34
))
(/home/hotaru/texlive/2011/texmf-dist/tex/generic/pgf/basiclayer/pgfcorelayers.
code.tex
File: pgfcorelayers.code.tex 2010/08/27  (rcs-revision 1.2)
)
(/home/hotaru/texlive/2011/texmf-dist/tex/generic/pgf/basiclayer/pgfcoretranspa
rency.code.tex
File: pgfcoretransparency.code.tex 2008/01/17  (rcs-revision 1.2)
)
(/home/hotaru/texlive/2011/texmf-dist/tex/generic/pgf/basiclayer/pgfcorepattern
s.code.tex
File: pgfcorepatterns.code.tex 2009/07/02  (rcs-revision 1.3)
)))
(/home/hotaru/texlive/2011/texmf-dist/tex/generic/pgf/modules/pgfmoduleshapes.c
ode.tex
File: pgfmoduleshapes.code.tex 2010/09/09  (rcs-revision 1.13)
\pgfnodeparttextbox=\box35
)
(/home/hotaru/texlive/2011/texmf-dist/tex/generic/pgf/modules/pgfmoduleplot.cod
e.tex
File: pgfmoduleplot.code.tex 2010/10/22  (rcs-revision 1.8)
)
(/home/hotaru/texlive/2011/texmf-dist/tex/latex/pgf/compatibility/pgfcomp-versi
on-0-65.sty
Package: pgfcomp-version-0-65 2007/07/03 v2.10 (rcs-revision 1.7)
\pgf@nodesepstart=\dimen184
\pgf@nodesepend=\dimen185
)
(/home/hotaru/texlive/2011/texmf-dist/tex/latex/pgf/compatibility/pgfcomp-versi
on-1-18.sty
Package: pgfcomp-version-1-18 2007/07/23 v2.10 (rcs-revision 1.1)
))
(/home/hotaru/texlive/2011/texmf-dist/tex/latex/pgf/utilities/pgffor.sty
(/home/hotaru/texlive/2011/texmf-dist/tex/latex/pgf/utilities/pgfkeys.sty
(/home/hotaru/texlive/2011/texmf-dist/tex/generic/pgf/utilities/pgfkeys.code.te
x))
(/home/hotaru/texlive/2011/texmf-dist/tex/generic/pgf/utilities/pgffor.code.tex
Package: pgffor 2010/03/23 v2.10 (rcs-revision 1.18)
\pgffor@iter=\dimen186
\pgffor@skip=\dimen187
\pgffor@stack=\toks36
\pgffor@toks=\toks37
))
(/home/hotaru/texlive/2011/texmf-dist/tex/generic/pgf/frontendlayer/tikz/tikz.c
ode.tex
Package: tikz 2010/10/13 v2.10 (rcs-revision 1.76)

(/home/hotaru/texlive/2011/texmf-dist/tex/generic/pgf/libraries/pgflibraryploth
andlers.code.tex
File: pgflibraryplothandlers.code.tex 2010/05/31 v2.10 (rcs-revision 1.15)
\pgf@plot@mark@count=\count149
\pgfplotmarksize=\dimen188
)
\tikz@lastx=\dimen189
\tikz@lasty=\dimen190
\tikz@lastxsaved=\dimen191
\tikz@lastysaved=\dimen192
\tikzleveldistance=\dimen193
\tikzsiblingdistance=\dimen194
\tikz@figbox=\box36
\tikz@tempbox=\box37
\tikztreelevel=\count150
\tikznumberofchildren=\count151
\tikznumberofcurrentchild=\count152
\tikz@fig@count=\count153

(/home/hotaru/texlive/2011/texmf-dist/tex/generic/pgf/modules/pgfmodulematrix.c
ode.tex
File: pgfmodulematrix.code.tex 2010/08/24  (rcs-revision 1.4)
\pgfmatrixcurrentrow=\count154
\pgfmatrixcurrentcolumn=\count155
\pgf@matrix@numberofcolumns=\count156
)
\tikz@expandcount=\count157

(/home/hotaru/texlive/2011/texmf-dist/tex/generic/pgf/frontendlayer/tikz/librar
ies/tikzlibrarytopaths.code.tex
File: tikzlibrarytopaths.code.tex 2008/06/17 v2.10 (rcs-revision 1.2)
)))
(/home/hotaru/texlive/2011/texmf-dist/tex/latex/geometry/geometry.sty
Package: geometry 2010/09/12 v5.6 Page Geometry

(/home/hotaru/texlive/2011/texmf-dist/tex/generic/oberdiek/ifvtex.sty
Package: ifvtex 2010/03/01 v1.5 Switches for detecting VTeX and its modes (HO)
Package ifvtex Info: VTeX not detected.
)
\Gm@cnth=\count158
\Gm@cntv=\count159
\c@Gm@tempcnt=\count160
\Gm@bindingoffset=\dimen195
\Gm@wd@mp=\dimen196
\Gm@odd@mp=\dimen197
\Gm@even@mp=\dimen198
\Gm@layoutwidth=\dimen199
\Gm@layoutheight=\dimen200
\Gm@layouthoffset=\dimen201
\Gm@layoutvoffset=\dimen202
\Gm@dimlist=\toks38
)
(/home/hotaru/texlive/2011/texmf-dist/tex/latex/fontspec/fontspec.sty
Package: fontspec 2011/09/18 v2.2a Advanced font selection for XeLaTeX/LuaLaTeX


(/home/hotaru/texlive/2011/texmf-dist/tex/latex/l3kernel/expl3.sty
(/home/hotaru/texlive/2011/texmf-dist/tex/latex/l3kernel/l3names.sty
(/home/hotaru/texlive/2011/texmf-dist/tex/latex/l3kernel/l3bootstrap.sty
Package: l3bootstrap 2011/11/25 v3006 L3 Experimental bootstrap code

(/home/hotaru/texlive/2011/texmf-dist/tex/generic/oberdiek/luatex.sty
Package: luatex 2010/03/09 v0.4 LuaTeX basic definition package (HO)
\LuT@AllocAttribute=\count277
\LuT@AllocCatcodeTable=\count278
\CatcodeTableStack=\count279
\CatcodeTableIniTeX=\catcodetable1
\CatcodeTableString=\catcodetable3
\CatcodeTableOther=\catcodetable5
\CatcodeTableLaTeX=\catcodetable7
))
Package: l3names 2011/11/11 v2944 L3 Experimental namespace for primitives
)
(/home/hotaru/texlive/2011/texmf-dist/tex/latex/tools/calc.sty
Package: calc 2007/08/22 v4.3 Infix arithmetic (KKT,FJ)
\calc@Acount=\count280
\calc@Bcount=\count281
\calc@Adimen=\dimen256
\calc@Bdimen=\dimen257
\calc@Askip=\skip256
\calc@Bskip=\skip257
LaTeX Info: Redefining \setlength on input line 76.
LaTeX Info: Redefining \addtolength on input line 77.
\calc@Ccount=\count282
\calc@Cskip=\skip258
)
Package: expl3 2011/12/29 v3109 L3 Experimental code bundle wrapper

(/home/hotaru/texlive/2011/texmf-dist/tex/latex/l3kernel/l3basics.sty
Package: l3basics 2011/12/23 v3090 L3 Experimental basic definitions
)
(/home/hotaru/texlive/2011/texmf-dist/tex/latex/l3kernel/l3expan.sty
Package: l3expan 2011/12/22 v3086 L3 Experimental argument expansion
)
(/home/hotaru/texlive/2011/texmf-dist/tex/latex/l3kernel/l3tl.sty
Package: l3tl 2011/12/25 v3091 L3 Experimental token lists
)
(/home/hotaru/texlive/2011/texmf-dist/tex/latex/l3kernel/l3seq.sty
Package: l3seq 2011/12/22 v3085 L3 Experimental sequences and stacks
)
(/home/hotaru/texlive/2011/texmf-dist/tex/latex/l3kernel/l3int.sty
Package: l3int 2011/12/22 v3086 L3 Experimental integers
\c_max_int=\count283
\l_tmpa_int=\count284
\l_tmpb_int=\count285
\l_tmpc_int=\count286
\g_tmpa_int=\count287
\g_tmpb_int=\count288
)
(/home/hotaru/texlive/2011/texmf-dist/tex/latex/l3kernel/l3quark.sty
Package: l3quark 2011/12/22 v3086 L3 Experimental quarks
)
(/home/hotaru/texlive/2011/texmf-dist/tex/latex/l3kernel/l3prg.sty
Package: l3prg 2011/12/22 v3086 L3 Experimental control structures
\g_prg_map_int=\count289
)
(/home/hotaru/texlive/2011/texmf-dist/tex/latex/l3kernel/l3clist.sty
Package: l3clist 2011/12/22 v3086 L3 Experimental comma separated lists
)
(/home/hotaru/texlive/2011/texmf-dist/tex/latex/l3kernel/l3token.sty
Package: l3token 2011/12/27 v3099 L3 Experimental token manipulation
)
(/home/hotaru/texlive/2011/texmf-dist/tex/latex/l3kernel/l3prop.sty
Package: l3prop 2011/12/22 v3086 L3 Experimental property lists
)
(/home/hotaru/texlive/2011/texmf-dist/tex/latex/l3kernel/l3msg.sty
Package: l3msg 2011/12/22 v3086 L3 Experimental messages
)
(/home/hotaru/texlive/2011/texmf-dist/tex/latex/l3kernel/l3io.sty
Package: l3io 2011/12/27 v3096 L3 Experimental input-output operations
\l_iow_stream_int=\count290
\l_iow_line_length_int=\count291
\l_iow_target_length_int=\count292
\l_iow_current_line_int=\count293
\l_iow_current_word_int=\count294
\l_iow_current_indentation_int=\count295
)
(/home/hotaru/texlive/2011/texmf-dist/tex/latex/l3kernel/l3file.sty
Package: l3file 2011/12/26 v3095 L3 Experimental file operations
)
(/home/hotaru/texlive/2011/texmf-dist/tex/latex/l3kernel/l3skip.sty
Package: l3skip 2011/12/22 v3086 L3 Experimental dimensions and skips
\l_tmpa_dim=\dimen258
\l_tmpb_dim=\dimen259
\l_tmpc_dim=\dimen260
\g_tmpa_dim=\dimen261
\g_tmpb_dim=\dimen262
\l_tmpa_skip=\skip259
\l_tmpb_skip=\skip260
\l_tmpc_skip=\skip261
\g_tmpa_skip=\skip262
\g_tmpb_skip=\skip263
)
(/home/hotaru/texlive/2011/texmf-dist/tex/latex/l3kernel/l3keys.sty
Package: l3keys 2011/12/22 v3086 L3 Experimental key-value interfaces
\g_keyval_level_int=\count296
\l_keys_choice_int=\count297
)
(/home/hotaru/texlive/2011/texmf-dist/tex/latex/l3kernel/l3fp.sty
Package: l3fp 2011/12/22 v3086 L3 Experimental floating-point operations
\c_one_hundred_million=\count298
\c_five_hundred_million=\count299
\c_one_thousand_million=\count300
\c_fp_pi_by_four_decimal_int=\count301
\c_fp_pi_by_four_extended_int=\count302
\c_fp_pi_decimal_int=\count303
\c_fp_pi_extended_int=\count304
\c_fp_two_pi_decimal_int=\count305
\c_fp_two_pi_extended_int=\count306
\l_fp_count_int=\count307
\l_fp_div_offset_int=\count308
\l_fp_exp_integer_int=\count309
\l_fp_exp_decimal_int=\count310
\l_fp_exp_extended_int=\count311
\l_fp_exp_exponent_int=\count312
\l_fp_input_a_sign_int=\count313
\l_fp_input_a_integer_int=\count314
\l_fp_input_a_decimal_int=\count315
\l_fp_input_a_exponent_int=\count316
\l_fp_input_b_sign_int=\count317
\l_fp_input_b_integer_int=\count318
\l_fp_input_b_decimal_int=\count319
\l_fp_input_b_exponent_int=\count320
\l_fp_input_a_extended_int=\count321
\l_fp_input_b_extended_int=\count322
\l_fp_mul_a_i_int=\count323
\l_fp_mul_a_ii_int=\count324
\l_fp_mul_a_iii_int=\count325
\l_fp_mul_a_iv_int=\count326
\l_fp_mul_a_v_int=\count327
\l_fp_mul_a_vi_int=\count328
\l_fp_mul_b_i_int=\count329
\l_fp_mul_b_ii_int=\count330
\l_fp_mul_b_iii_int=\count331
\l_fp_mul_b_iv_int=\count332
\l_fp_mul_b_v_int=\count333
\l_fp_mul_b_vi_int=\count334
\l_fp_mul_output_int=\count335
\l_fp_output_sign_int=\count336
\l_fp_output_integer_int=\count337
\l_fp_output_decimal_int=\count338
\l_fp_output_exponent_int=\count339
\l_fp_output_extended_int=\count340
\l_fp_round_position_int=\count341
\l_fp_round_target_int=\count342
\l_fp_split_sign_int=\count343
\l_fp_tmp_int=\count344
\l_fp_trig_octant_int=\count345
\l_fp_trig_sign_int=\count346
\l_fp_trig_decimal_int=\count347
\l_fp_trig_extended_int=\count348
\l_fp_tmp_dim=\dimen263
\l_fp_tmp_skip=\skip264
)
(/home/hotaru/texlive/2011/texmf-dist/tex/latex/l3kernel/l3box.sty
Package: l3box 2011/12/22 v3086 L3 Experimental boxes
\l_tmpb_box=\box256
\l_box_top_dim=\dimen264
\l_box_bottom_dim=\dimen265
\l_box_left_dim=\dimen266
\l_box_right_dim=\dimen267
\l_box_top_new_dim=\dimen268
\l_box_bottom_new_dim=\dimen269
\l_box_left_new_dim=\dimen270
\l_box_right_new_dim=\dimen271
\l_box_tmp_box=\box257
)
(/home/hotaru/texlive/2011/texmf-dist/tex/latex/l3kernel/l3coffins.sty
Package: l3coffins 2011/12/22 v3086 L3 Experimental coffin code layer
\l_coffin_tmp_box=\box258
\l_coffin_tmp_dim=\dimen272
\l_coffin_offset_x_dim=\dimen273
\l_coffin_offset_y_dim=\dimen274
\l_coffin_x_dim=\dimen275
\l_coffin_y_dim=\dimen276
\l_coffin_x_prime_dim=\dimen277
\l_coffin_y_prime_dim=\dimen278
\l_coffin_Depth_dim=\dimen279
\l_coffin_Height_dim=\dimen280
\l_coffin_TotalHeight_dim=\dimen281
\l_coffin_Width_dim=\dimen282
\c_empty_coffin=\box259
\l_coffin_aligned_coffin=\box260
\l_coffin_aligned_internal_coffin=\box261
\l_coffin_bounding_shift_dim=\dimen283
\l_coffin_left_corner_dim=\dimen284
\l_coffin_right_corner_dim=\dimen285
\l_coffin_bottom_corner_dim=\dimen286
\l_coffin_top_corner_dim=\dimen287
\l_coffin_scaled_total_height_dim=\dimen288
\l_coffin_scaled_width_dim=\dimen289
\l_coffin_display_coffin=\box262
\l_coffin_display_coord_coffin=\box263
\l_coffin_display_pole_coffin=\box264
\l_coffin_display_offset_dim=\dimen290
\l_coffin_display_x_dim=\dimen291
\l_coffin_display_y_dim=\dimen292
)
(/home/hotaru/texlive/2011/texmf-dist/tex/latex/l3kernel/l3color.sty
Package: l3color 2011/09/07 v2776 L3 Experimental colour support
)
(/home/hotaru/texlive/2011/texmf-dist/tex/latex/l3kernel/l3luatex.sty
Package: l3luatex 2011/12/22 v3086 L3 Experimental LuaTeX-specific functions
\g_cctab_allocate_int=\count349
\g_cctab_stack_int=\count350
\c_code_cctab=\catcodetable9
))
(/home/hotaru/texlive/2011/texmf-dist/tex/latex/l3packages/xparse/xparse.sty
Package: xparse 2011/12/29 v3109 L3 Experimental document command parser
\l_xparse_m_args_int=\count351
\l_xparse_mandatory_args_int=\count352
\l_xparse_processor_int=\count353
\l_xparse_total_args_int=\count354
\l_xparse_v_nesting_int=\count355
)
(/home/hotaru/texlive/2011/texmf-dist/tex/luatex/luaotfload/luaotfload.sty
Package: luaotfload 2011/04/21 v1.25 OpenType layout system

(/home/hotaru/texlive/2011/texmf-dist/tex/luatex/luatexbase/luatexbase.sty
Package: luatexbase 2010/10/06 v0.3 Module utilities for LuaTeX

(/home/hotaru/texlive/2011/texmf-dist/tex/luatex/luatexbase/luatexbase-compat.s
ty
Package: luatexbase-compat 2010/10/10 v0.3 Compatibility tools for LuaTeX
)
(/home/hotaru/texlive/2011/texmf-dist/tex/luatex/luatexbase/luatexbase-loader.s
ty
Package: luatexbase-loader 2010/10/10 v0.3 Lua module loader for LuaTeX

(/home/hotaru/texlive/2011/texmf-dist/tex/luatex/luatexbase/luatexbase.loader.l
ua))
(/home/hotaru/texlive/2011/texmf-dist/tex/luatex/luatexbase/luatexbase-regs.sty
Package: luatexbase-regs 2010/10/10 v0.3 Registers allocation for LuaTeX
)
(/home/hotaru/texlive/2011/texmf-dist/tex/luatex/luatexbase/luatexbase-attr.sty
Package: luatexbase-attr 2011/05/21 v0.31 Attributes allocation for LuaTeX
(/home/hotaru/texlive/2011/texmf-dist/tex/luatex/luatexbase/attr.lua))
(/home/hotaru/texlive/2011/texmf-dist/tex/luatex/luatexbase/luatexbase-cctb.sty
Package: luatexbase-cctb 2010/10/10 v0.3 Catcodetable allocation for LuaTeX
(/home/hotaru/texlive/2011/texmf-dist/tex/luatex/luatexbase/cctb.lua)
\lltxb@catcodetable@alloc=\count356
\CatcodeTableIniTeX=\luatexcatcodetable1
\CatcodeTableString=\luatexcatcodetable3
\CatcodeTableOther=\luatexcatcodetable5
\CatcodeTableLaTeX=\luatexcatcodetable7
\CatcodeTableLaTeXAtLetter=\luatexcatcodetable9
\CatcodeTableExpl=\luatexcatcodetable11
)
(/home/hotaru/texlive/2011/texmf-dist/tex/luatex/luatexbase/luatexbase-mcb.sty
Package: luatexbase-mcb 2010/10/10 v0.3 Callback management for LuaTeX

(/home/hotaru/texlive/2011/texmf-dist/tex/luatex/luatexbase/luatexbase-modutils
.sty
Package: luatexbase-modutils 2010/10/10 v0.3 Module utilities for LuaTeX

(/home/hotaru/texlive/2011/texmf-dist/tex/luatex/luatexbase/modutils.lua))
(/home/hotaru/texlive/2011/texmf-dist/tex/luatex/luatexbase/mcb.lua)
Lua module: luatexbase-mcb 2010/05/12 0.2 register several functions in a callb
ack
))
(/home/hotaru/texlive/2011/texmf-dist/tex/luatex/lualibs/lualibs.lua)
Lua module: lualibs 2011/01/20 0.96 Lua additional functions.

(/home/hotaru/texlive/2011/texmf-dist/tex/luatex/lualibs/lualibs-string.lua)
(/home/hotaru/texlive/2011/texmf-dist/tex/luatex/lualibs/lualibs-lpeg.lua)
(/home/hotaru/texlive/2011/texmf-dist/tex/luatex/lualibs/lualibs-boolean.lua)
(/home/hotaru/texlive/2011/texmf-dist/tex/luatex/lualibs/lualibs-number.lua)
(/home/hotaru/texlive/2011/texmf-dist/tex/luatex/lualibs/lualibs-math.lua)
(/home/hotaru/texlive/2011/texmf-dist/tex/luatex/lualibs/lualibs-table.lua)
(/home/hotaru/texlive/2011/texmf-dist/tex/luatex/lualibs/lualibs-aux.lua)
(/home/hotaru/texlive/2011/texmf-dist/tex/luatex/lualibs/lualibs-io.lua)
(/home/hotaru/texlive/2011/texmf-dist/tex/luatex/lualibs/lualibs-os.lua)
(/home/hotaru/texlive/2011/texmf-dist/tex/luatex/lualibs/lualibs-file.lua)
(/home/hotaru/texlive/2011/texmf-dist/tex/luatex/lualibs/lualibs-md5.lua)
(/home/hotaru/texlive/2011/texmf-dist/tex/luatex/lualibs/lualibs-dir.lua)
(/home/hotaru/texlive/2011/texmf-dist/tex/luatex/lualibs/lualibs-unicode.lua)
(/home/hotaru/texlive/2011/texmf-dist/tex/luatex/lualibs/lualibs-utils.lua)
(/home/hotaru/texlive/2011/texmf-dist/tex/luatex/lualibs/lualibs-dimen.lua)
(/home/hotaru/texlive/2011/texmf-dist/tex/luatex/lualibs/lualibs-url.lua)
(/home/hotaru/texlive/2011/texmf-dist/tex/luatex/lualibs/lualibs-set.lua)
(/home/hotaru/texlive/2011/texmf-dist/tex/luatex/luaotfload/luaotfload.lua)
Lua module: luaotfload 2011/04/21 1.25 OpenType layout system.
luaotfload: loading file /home/hotaru/texlive/2011/texmf-dist/tex/luatex/luaotf
load/otfl-luat-dum.lua.(using cache: /home/hotaru/.texlive2011/texmf-var/luatex
-cache/generic)
luaotfload: loading file /home/hotaru/texlive/2011/texmf-dist/tex/luatex/luaotf
load/otfl-luat-ovr.lua.
luaotfload: loading file /home/hotaru/texlive/2011/texmf-dist/tex/luatex/luaotf
load/otfl-data-con.lua.
luaotfload: loading file /home/hotaru/texlive/2011/texmf-dist/tex/luatex/luaotf
load/otfl-font-ini.lua.
luaotfload: loading file /home/hotaru/texlive/2011/texmf-dist/tex/luatex/luaotf
load/otfl-node-dum.lua.
luaotfload: loading file /home/hotaru/texlive/2011/texmf-dist/tex/luatex/luaotf
load/otfl-node-inj.lua.
luaotfload: loading file /home/hotaru/texlive/2011/texmf-dist/tex/luatex/luaotf
load/otfl-font-tfm.lua.
luatexbase.attributes["otfl@state"] = 1
luaotfload: loading file /home/hotaru/texlive/2011/texmf-dist/tex/luatex/luaotf
load/otfl-font-cid.lua.
luaotfload: loading file /home/hotaru/texlive/2011/texmf-dist/tex/luatex/luaotf
load/otfl-font-ott.lua.
luaotfload: loading file /home/hotaru/texlive/2011/texmf-dist/tex/luatex/luaotf
load/otfl-font-map.lua.
luaotfload: loading file /home/hotaru/texlive/2011/texmf-dist/tex/luatex/luaotf
load/otfl-font-otf.lua.
luaotfload: loading file /home/hotaru/texlive/2011/texmf-dist/tex/luatex/luaotf
load/otfl-font-otd.lua.
luaotfload: loading file /home/hotaru/texlive/2011/texmf-dist/tex/luatex/luaotf
load/otfl-font-oti.lua.
luaotfload: loading file /home/hotaru/texlive/2011/texmf-dist/tex/luatex/luaotf
load/otfl-font-otb.lua.
luaotfload: loading file /home/hotaru/texlive/2011/texmf-dist/tex/luatex/luaotf
load/otfl-font-otn.lua.
luatexbase.attributes["otfl@markbase"] = 2
luatexbase.attributes["otfl@markmark"] = 3
luatexbase.attributes["otfl@markdone"] = 4
luatexbase.attributes["otfl@cursbase"] = 5
luatexbase.attributes["otfl@curscurs"] = 6
luatexbase.attributes["otfl@cursdone"] = 7
luatexbase.attributes["otfl@kernpair"] = 8
luaotfload: loading file /home/hotaru/texlive/2011/texmf-dist/tex/luatex/luaotf
load/otfl-font-ota.lua.
luaotfload: loading file /home/hotaru/texlive/2011/texmf-dist/tex/luatex/luaotf
load/otfl-font-otc.lua.
luaotfload: loading file /home/hotaru/texlive/2011/texmf-dist/tex/luatex/luaotf
load/otfl-font-def.lua.
luaotfload: loading file /home/hotaru/texlive/2011/texmf-dist/tex/luatex/luaotf
load/otfl-font-xtx.lua.
luaotfload: loading file /home/hotaru/texlive/2011/texmf-dist/tex/luatex/luaotf
load/otfl-font-dum.lua.
luaotfload: loading file /home/hotaru/texlive/2011/texmf-dist/tex/luatex/luaotf
load/otfl-font-nms.lua.
luaotfload: loading file /home/hotaru/texlive/2011/texmf-dist/tex/luatex/luaotf
load/otfl-font-clr.lua.
Module luatexbase-mcb info: creating 'luaotfload.patch_font' type 4
Module luatexbase-mcb info: inserting 'luaotfload.pre_linebreak_filter'
(luatexbase-mcb)            at position 1 in 'pre_linebreak_filter'
Module luatexbase-mcb info: inserting 'luaotfload.hpack_filter'
(luatexbase-mcb)            at position 1 in 'hpack_filter'
Module luatexbase-mcb info: resetting callback 'define_font'
Module luatexbase-mcb info: inserting 'luaotfload.define_font'
(luatexbase-mcb)            at position 1 in 'define_font'
Module luatexbase-mcb info: inserting 'luaotfload.find_vf_file'
(luatexbase-mcb)            at position 1 in 'find_vf_file'
Module luatexbase-mcb info: inserting 'unicodemath.set_sscale_diments'
(luatexbase-mcb)            at position 1 in 'luaotfload.patch_font'
)
(/home/hotaru/texlive/2011/texmf-dist/tex/latex/fontspec/fontspec.lua)
Lua module: fontspec 2009/12/04 2 Advanced font selection for LuaLaTeX.

Module luatexbase-mcb info: inserting 'fontspec.set_capheight'
(luatexbase-mcb)            at position 2 in 'luaotfload.patch_font'
\l_fontspec_script_int=\count357
\l_fontspec_language_int=\count358
\l_fontspec_strnum_int=\count359
\l_fontspec_tmpa_dim=\dimen293
\l_fontspec_tmpb_dim=\dimen294
\l_fontspec_tmpc_dim=\dimen295
Variant \tl_gset:cV already defined; not changing it on line 66
(/home/hotaru/texlive/2011/texmf-dist/tex/latex/fontspec/fontspec-patches.sty
Package: fontspec-patches 2011/09/18 v2.2a Advanced font selection for XeLaTeX/
LuaLaTeX

(/home/hotaru/texlive/2011/texmf-dist/tex/latex/base/fixltx2e.sty
Package: fixltx2e 2006/09/13 v1.1m fixes to LaTeX
LaTeX Info: Redefining \em on input line 420.
LaTeX Info: Redefining \textsubscript on input line 424.
)
LaTeX Info: Redefining \em on input line 22.
LaTeX Info: Redefining \emph on input line 29.
LaTeX Info: Redefining \- on input line 32.
.................................................
. xparse info: "define-command"
. 
. Defining document command \liningnums with arg. spec. 'm' on line 111.
.................................................
)
(/home/hotaru/texlive/2011/texmf-dist/tex/latex/fontspec/fontspec-luatex.sty
Package: fontspec-luatex 2011/09/18 v2.2a Advanced font selection for XeLaTeX/L
uaLaTeX

(/home/hotaru/texlive/2011/texmf-dist/tex/latex/base/fontenc.sty
Package: fontenc 2005/09/27 v1.99g Standard LaTeX package

(/home/hotaru/texlive/2011/texmf-dist/tex/latex/euenc/eu2enc.def
File: eu2enc.def 2010/05/27 v0.1h Experimental Unicode font encodings
)
LaTeX Font Info:    Try loading font information for EU2+lmr on input line 100.


(/home/hotaru/texlive/2011/texmf-dist/tex/latex/euenc/eu2lmr.fd
File: eu2lmr.fd 2009/10/30 v1.6 Font defs for Latin Modern
)
luaotfload | load font: auto-selecting default features for script: dflt (was l
atn)(load: /home/hotaru/.texlive2011/texmf-var/luatex-cache/generic/fonts/otf/t
emp-lmroman10-regular.lua))
(/home/hotaru/texlive/2011/texmf-dist/tex/xelatex/xunicode/xunicode.sty
File: xunicode.sty 2011/09/09 v0.981 provides access to latin accents and many 
other characters in Unicode lower plane

(/home/hotaru/texlive/2011/texmf-dist/tex/latex/tipa/t3enc.def
File: t3enc.def 2001/12/31 T3 encoding
luaotfload | load font: auto-selecting default features for script: dflt (was l
atn)(load: /home/hotaru/.texlive2011/texmf-var/luatex-cache/generic/fonts/otf/t
emp-lmromanslant10-regular.lua)
luaotfload | load font: auto-selecting default features for script: dflt (was l
atn)(load: /home/hotaru/.texlive2011/texmf-var/luatex-cache/generic/fonts/otf/t
emp-lmroman10-italic.lua)
luaotfload | load font: auto-selecting default features for script: dflt (was l
atn)(load: /home/hotaru/.texlive2011/texmf-var/luatex-cache/generic/fonts/otf/t
emp-lmroman10-bold.lua)
LaTeX Font Info:    Try loading font information for EU2+lmss on input line 357
.

(/home/hotaru/texlive/2011/texmf-dist/tex/latex/euenc/eu2lmss.fd
File: eu2lmss.fd 2009/10/30 v1.6 Font defs for Latin Modern
)
luaotfload | load font: auto-selecting default features for script: dflt (was l
atn)(load: /home/hotaru/.texlive2011/texmf-var/luatex-cache/generic/fonts/otf/t
emp-lmsans10-regular.lua))
\tipaTiiicode=\count360
\tipasavetokens=\toks39
\tipachecktokens=\toks40
)
.................................................
. xparse info: "define-command"
. 
. Defining document command \fontspec with arg. spec. 'O{}m' on line 42.
.................................................
.................................................
. xparse info: "define-command"
. 
. Defining document command \setmainfont with arg. spec. 'O{}m' on line 46.
.................................................
.................................................
. xparse info: "define-command"
. 
. Defining document command \setsansfont with arg. spec. 'O{}m' on line 50.
.................................................
.................................................
. xparse info: "define-command"
. 
. Defining document command \setmonofont with arg. spec. 'O{}m' on line 54.
.................................................
.................................................
. xparse info: "define-command"
. 
. Defining document command \setmathrm with arg. spec. 'O{}m' on line 62.
.................................................
.................................................
. xparse info: "define-command"
. 
. Defining document command \setboldmathrm with arg. spec. 'O{}m' on line 65.
.................................................
.................................................
. xparse info: "define-command"
. 
. Defining document command \setmathsf with arg. spec. 'O{}m' on line 68.
.................................................
.................................................
. xparse info: "define-command"
. 
. Defining document command \setmathtt with arg. spec. 'O{}m' on line 71.
.................................................
.................................................
. xparse info: "define-command"
. 
. Defining document command \newfontfamily with arg. spec. 'mO{}m' on line 87.
.................................................
.................................................
. xparse info: "define-command"
. 
. Defining document command \newfontface with arg. spec. 'mO{}m' on line 90.
.................................................
.................................................
. xparse info: "define-command"
. 
. Defining document command \defaultfontfeatures with arg. spec. 'm' on line
. 94.
.................................................
.................................................
. xparse info: "define-command"
. 
. Defining document command \addfontfeatures with arg. spec. 'm' on line 110.
.................................................
.................................................
. xparse info: "define-command"
. 
. Defining document command \newfontfeature with arg. spec. 'mm' on line 121.
.................................................
.................................................
. xparse info: "define-command"
. 
. Defining document command \newAATfeature with arg. spec. 'mmmm' on line 128.
.................................................
.................................................
. xparse info: "define-command"
. 
. Defining document command \newICUfeature with arg. spec. 'mmm' on line 135.
.................................................
.................................................
. xparse info: "define-command"
. 
. Defining document command \aliasfontfeature with arg. spec. 'mm' on line
. 162.
.................................................
.................................................
. xparse info: "define-command"
. 
. Defining document command \aliasfontfeatureoption with arg. spec. 'mmm' on
. line 167.
.................................................
.................................................
. xparse info: "define-command"
. 
. Defining document command \newfontscript with arg. spec. 'mm' on line 172.
.................................................
.................................................
. xparse info: "define-command"
. 
. Defining document command \newfontlanguage with arg. spec. 'mm' on line 195.
.................................................
.................................................
. xparse info: "define-command"
. 
. Defining document command \DeclareFontsExtensions with arg. spec. 'm' on
. line 214.
.................................................
Variant \prop_gput:cnV already defined; not changing it on line 489
Variant \prop_gput:cnx already defined; not changing it on line 490
Variant \keys_set:nx already defined; not changing it on line 897
\c@fontspec_tmp_int=\count361
LaTeX Info: Redefining \itshape on input line 1809.
LaTeX Info: Redefining \slshape on input line 1813.
LaTeX Info: Redefining \scshape on input line 1817.
LaTeX Info: Redefining \upshape on input line 1821.
 (/home/hotaru/texlive/2011/texmf-dist/tex/latex/fontspec/fontspec.cfg)))
luaotfload | Font names database loaded: /home/hotaru/.texlive2011/texmf-var/lu
atex-cache/generic/names/otfl-names.lua
luaotfload | load font: font family='shaker2light', subfamily='regular' found: 
/home/hotaru/.fonts/licenced-for-harnham/Shaker/Shaker2L.otf(load: /home/hotaru
/.texlive2011/texmf-var/luatex-cache/generic/fonts/otf/temp-shaker2l.lua)
luaotfload | load font: font family='shaker2light', subfamily='regular' found: 
/home/hotaru/.fonts/licenced-for-harnham/Shaker/Shaker2L.otf
fontspec: script 'latn' exists in font 'Shaker2-Light'
fontspec: script 'latn' exists in font 'Shaker2-Light'
\g_fontspec_family_Shaker 2 Light_int=\count362
luaotfload | load font: font family='shaker2light', subfamily='regular' found: 
/home/hotaru/.fonts/licenced-for-harnham/Shaker/Shaker2L.otf
fontspec: feature '+smcp' for language 'DFLT' and script 'latn' exists in font 
'Shaker2-Light'
fontspec: feature '+smcp' for language 'DFLT' and script 'latn' exists in font 
'Shaker2-Light'
luaotfload | load font: font family='shaker2light', subfamily='regular' found: 
/home/hotaru/.fonts/licenced-for-harnham/Shaker/Shaker2L.otf
luaotfload | load font: font family='shaker2light', subfamily='bold' found: /ho
me/hotaru/.fonts/licenced-for-harnham/Shaker/Shaker2L.otf
.................................................
. fontspec info: "no-font-shape"
. 
. Could not resolve font Shaker2Light/B (it probably doesn't exist).
.................................................
luaotfload | load font: font family='shaker2light', subfamily='regular' found: 
/home/hotaru/.fonts/licenced-for-harnham/Shaker/Shaker2L.otf
luaotfload | load font: font family='shaker2light', subfamily='italic' found: /
home/hotaru/.fonts/licenced-for-harnham/Shaker/Shaker2L.otf
.................................................
. fontspec info: "no-font-shape"
. 
. Could not resolve font Shaker2Light/I (it probably doesn't exist).
.................................................
luaotfload | load font: font family='shaker2light', subfamily='regular' found: 
/home/hotaru/.fonts/licenced-for-harnham/Shaker/Shaker2L.otf
luaotfload | load font: font family='shaker2light', subfamily='bolditalic' foun
d: /home/hotaru/.fonts/licenced-for-harnham/Shaker/Shaker2L.otf
.................................................
. fontspec info: "no-font-shape"
. 
. Could not resolve font Shaker2Light/BI (it probably doesn't exist).
.................................................
.................................................
. fontspec info: "defining-font"
. 
. Font family 'Shaker2Light(0)' created for font 'Shaker 2 Light' with options
. [Ligatures = TeX].
. 
. This font family consists of the following shapes:
. 
. * 'normal' with NFSS spec.:
. <->"name:Shaker2Light:mode=node;script=latn;language=DFLT;+tlig;+trep;"
. 
. * 'small caps' with NFSS spec.:
. 
. <->"name:Shaker2Light:mode=node;script=latn;language=DFLT;+tlig;+trep;+smcp;"

.................................................
luaotfload | load font: auto-selecting default features for script: dflt (was l
atn)
luaotfload | load font: font family='shaker2light', subfamily='regular' found: 
/home/hotaru/.fonts/licenced-for-harnham/Shaker/Shaker2L.otf
luaotfload | load font: font family='shaker2light', subfamily='regular' found: 
/home/hotaru/.fonts/licenced-for-harnham/Shaker/Shaker2L.otf
luaotfload | load font: font family='shaker2light', subfamily='regular' found: 
/home/hotaru/.fonts/licenced-for-harnham/Shaker/Shaker2L.otf
fontspec: script 'latn' exists in font 'Shaker2-Light'
fontspec: script 'latn' exists in font 'Shaker2-Light'
luaotfload | load font: font family='shaker2light', subfamily='regular' found: 
/home/hotaru/.fonts/licenced-for-harnham/Shaker/Shaker2L.otf
fontspec: feature '+smcp' for language 'DFLT' and script 'latn' exists in font 
'Shaker2-Light'
fontspec: feature '+smcp' for language 'DFLT' and script 'latn' exists in font 
'Shaker2-Light'
luaotfload | load font: font family='shaker2light', subfamily='regular' found: 
/home/hotaru/.fonts/licenced-for-harnham/Shaker/Shaker2L.otf
luaotfload | load font: font family='shaker2light', subfamily='bold' found: /ho
me/hotaru/.fonts/licenced-for-harnham/Shaker/Shaker2L.otf
.................................................
. fontspec info: "no-font-shape"
. 
. Could not resolve font Shaker2Light/B (it probably doesn't exist).
.................................................
luaotfload | load font: font family='shaker2lightitalic', subfamily='regular' f
ound: /home/hotaru/.fonts/licenced-for-harnham/Shaker/Shaker2LI.otf(load: /home
/hotaru/.texlive2011/texmf-var/luatex-cache/generic/fonts/otf/temp-shaker2li.lu
a)
fontspec: feature '+smcp' for language 'DFLT' and script 'latn' exists in font 
'Shaker2-LightItalic'
fontspec: feature '+smcp' for language 'DFLT' and script 'latn' exists in font 
'Shaker2-LightItalic'
luaotfload | load font: font family='shaker2lightitalic', subfamily='regular' f
ound: /home/hotaru/.fonts/licenced-for-harnham/Shaker/Shaker2LI.otf
luaotfload | load font: font family='shaker2lightitalic', subfamily='bold' foun
d: /home/hotaru/.fonts/licenced-for-harnham/Shaker/Shaker2LI.otf
.................................................
. fontspec info: "no-font-shape"
. 
. Could not resolve font Shaker2LightItalic/B (it probably doesn't exist).
.................................................
.................................................
. fontspec info: "defining-font"
. 
. Font family 'Shaker2Light(1)' created for font 'Shaker 2 Light' with options
. [ Ligatures = TeX, ItalicFont = Shaker 2 Light Italic ].
. 
. This font family consists of the following shapes:
. 
. * 'normal' with NFSS spec.:
. <->"name:Shaker2Light:mode=node;script=latn;language=DFLT;+tlig;+trep;"
. 
. * 'small caps' with NFSS spec.:
. 
. <->"name:Shaker2Light:mode=node;script=latn;language=DFLT;+tlig;+trep;+smcp;"

. 
. * 'italic' with NFSS spec.:
. 
. <->"name:Shaker2LightItalic:mode=node;script=latn;language=DFLT;+tlig;+trep;"

. 
. * 'italic small caps' with NFSS spec.:
. 
. <->"name:Shaker2LightItalic:mode=node;script=latn;language=DFLT;+tlig;+trep;+
smcp;"
.................................................
\quotepagebox=\box265

(./cover_front.aux)
LaTeX Font Info:    Checking defaults for OML/cmm/m/it on input line 60.
LaTeX Font Info:    ... okay on input line 60.
LaTeX Font Info:    Checking defaults for T1/cmr/m/n on input line 60.
LaTeX Font Info:    ... okay on input line 60.
LaTeX Font Info:    Checking defaults for OT1/cmr/m/n on input line 60.
LaTeX Font Info:    ... okay on input line 60.
LaTeX Font Info:    Checking defaults for OMS/cmsy/m/n on input line 60.
LaTeX Font Info:    ... okay on input line 60.
LaTeX Font Info:    Checking defaults for OMX/cmex/m/n on input line 60.
LaTeX Font Info:    ... okay on input line 60.
LaTeX Font Info:    Checking defaults for U/cmr/m/n on input line 60.
LaTeX Font Info:    ... okay on input line 60.
LaTeX Font Info:    Checking defaults for EU2/lmr/m/n on input line 60.
LaTeX Font Info:    ... okay on input line 60.
LaTeX Font Info:    Checking defaults for T3/cmr/m/n on input line 60.
LaTeX Font Info:    Try loading font information for T3+cmr on input line 60.

(/home/hotaru/texlive/2011/texmf-dist/tex/latex/tipa/t3cmr.fd
File: t3cmr.fd 2001/12/31 TIPA font definitions
)
LaTeX Font Info:    ... okay on input line 60.
luaotfload | load font: auto-selecting default features for script: dflt (was l
atn)
luaotfload | load font: font family='shaker2light', subfamily='regular' found: 
/home/hotaru/.fonts/licenced-for-harnham/Shaker/Shaker2L.otf
(/home/hotaru/texlive/2011/texmf-dist/tex/context/base/supp-pdf.mkii
[Loading MPS to PDF converter (version 2006.09.02).]
\scratchcounter=\count363
\scratchdimen=\dimen296
\scratchbox=\box266
\nofMPsegments=\count364
\nofMParguments=\count365
\everyMPshowfont=\toks41
\MPscratchCnt=\count366
\MPscratchDim=\dimen297
\MPnumerator=\count367
\makeMPintoPDFobject=\count368
\everyMPtoPDFconversion=\toks42
) (/home/hotaru/texlive/2011/texmf-dist/tex/latex/oberdiek/epstopdf-base.sty
Package: epstopdf-base 2010/02/09 v2.5 Base part for package epstopdf

(/home/hotaru/texlive/2011/texmf-dist/tex/latex/oberdiek/grfext.sty
Package: grfext 2010/08/19 v1.1 Managing graphics extensions (HO)

(/home/hotaru/texlive/2011/texmf-dist/tex/generic/oberdiek/kvdefinekeys.sty
Package: kvdefinekeys 2011/04/07 v1.3 Defining keys (HO)
))
(/home/hotaru/texlive/2011/texmf-dist/tex/latex/oberdiek/kvoptions.sty
Package: kvoptions 2010/12/23 v3.10 Keyval support for LaTeX options (HO)

(/home/hotaru/texlive/2011/texmf-dist/tex/generic/oberdiek/kvsetkeys.sty
Package: kvsetkeys 2011/04/07 v1.13 Key value parser (HO)

(/home/hotaru/texlive/2011/texmf-dist/tex/generic/oberdiek/etexcmds.sty
Package: etexcmds 2011/02/16 v1.5 Prefix for e-TeX command names (HO)
)))
Package grfext Info: Graphics extension search list:
(grfext)             [.png,.pdf,.jpg,.mps,.jpeg,.jbig2,.jb2,.PNG,.PDF,.JPG,.JPE
G,.JBIG2,.JB2,.eps]
(grfext)             \AppendGraphicsExtensions on input line 452.

(/home/hotaru/texlive/2011/texmf-dist/tex/latex/latexconfig/epstopdf-sys.cfg
File: epstopdf-sys.cfg 2010/07/13 v1.3 Configuration of (r)epstopdf for TeX Liv
e
))
ABD: EveryShipout initializing macros
*geometry* driver: auto-detecting
*geometry* detected driver: pdftex
*geometry* verbose mode - [ preamble ] result:
* driver: pdftex
* paper: custom
* layout: <same size as paper>
* layoutoffset:(h,v)=(0.0pt,0.0pt)
* modes: 
* h-part:(L,W,R)=(0.0pt, 341.43306pt, 0.0pt)
* v-part:(T,H,B)=(0.0pt, 341.43306pt, 0.0pt)
* \paperwidth=341.43306pt
* \paperheight=341.43306pt
* \textwidth=341.43306pt
* \textheight=341.43306pt
* \oddsidemargin=-72.26999pt
* \evensidemargin=-72.26999pt
* \topmargin=-72.26999pt
* \headheight=0.0pt
* \headsep=0.0pt
* \topskip=11.0pt
* \footskip=0.0pt
* \marginparwidth=57.0pt
* \marginparsep=7.0pt
* \columnsep=10.0pt
* \skip\footins=12.0pt plus 4.0pt minus 4.0pt
* \hoffset=0.0pt
* \voffset=0.0pt
* \mag=1000
* \@twocolumnfalse
* \@twosidefalse
* \@mparswitchfalse
* \@reversemarginfalse
* (1in=72.27pt=25.4mm, 1cm=28.453pt)

.................................................
. fontspec info: "setup-math"
. 
. Adjusting the maths setup (use [no-math] to avoid this).
.................................................
\symlegacymaths=\mathgroup4
LaTeX Font Info:    Overwriting symbol font `legacymaths' in version `bold'
(Font)                  OT1/cmr/m/n --> OT1/cmr/bx/n on input line 60.
LaTeX Font Info:    Redeclaring math accent \acute on input line 60.
LaTeX Font Info:    Redeclaring math accent \grave on input line 60.
LaTeX Font Info:    Redeclaring math accent \ddot on input line 60.
LaTeX Font Info:    Redeclaring math accent \tilde on input line 60.
LaTeX Font Info:    Redeclaring math accent \bar on input line 60.
LaTeX Font Info:    Redeclaring math accent \breve on input line 60.
LaTeX Font Info:    Redeclaring math accent \check on input line 60.
LaTeX Font Info:    Redeclaring math accent \hat on input line 60.
LaTeX Font Info:    Redeclaring math accent \dot on input line 60.
LaTeX Font Info:    Redeclaring math accent \mathring on input line 60.
LaTeX Font Info:    Redeclaring math symbol \colon on input line 60.
LaTeX Font Info:    Redeclaring math symbol \Gamma on input line 60.
LaTeX Font Info:    Redeclaring math symbol \Delta on input line 60.
LaTeX Font Info:    Redeclaring math symbol \Theta on input line 60.
LaTeX Font Info:    Redeclaring math symbol \Lambda on input line 60.
LaTeX Font Info:    Redeclaring math symbol \Xi on input line 60.
LaTeX Font Info:    Redeclaring math symbol \Pi on input line 60.
LaTeX Font Info:    Redeclaring math symbol \Sigma on input line 60.
LaTeX Font Info:    Redeclaring math symbol \Upsilon on input line 60.
LaTeX Font Info:    Redeclaring math symbol \Phi on input line 60.
LaTeX Font Info:    Redeclaring math symbol \Psi on input line 60.
LaTeX Font Info:    Redeclaring math symbol \Omega on input line 60.
LaTeX Font Info:    Redeclaring math symbol \mathdollar on input line 60.
LaTeX Font Info:    Redeclaring symbol font `operators' on input line 60.
LaTeX Font Info:    Encoding `OT1' has changed to `EU2' for symbol font
(Font)              `operators' in the math version `normal' on input line 60.
LaTeX Font Info:    Overwriting symbol font `operators' in version `normal'
(Font)                  OT1/cmr/m/n --> EU2/Shaker2Light(0)/m/n on input line 6
0.
LaTeX Font Info:    Encoding `OT1' has changed to `EU2' for symbol font
(Font)              `operators' in the math version `bold' on input line 60.
LaTeX Font Info:    Overwriting symbol font `operators' in version `bold'
(Font)                  OT1/cmr/bx/n --> EU2/Shaker2Light(0)/m/n on input line 
60.
LaTeX Font Info:    Overwriting symbol font `operators' in version `normal'
(Font)                  EU2/Shaker2Light(0)/m/n --> EU2/Shaker2Light(0)/m/n on 
input line 60.
LaTeX Font Info:    Overwriting math alphabet `\mathrm' in version `normal'
(Font)                  EU2/Shaker2Light(0)/m/n --> EU2/Shaker2Light(0)/m/n on 
input line 60.
LaTeX Font Info:    Overwriting math alphabet `\mathit' in version `normal'
(Font)                  OT1/cmr/m/it --> EU2/Shaker2Light(0)/m/it on input line
 60.
LaTeX Font Info:    Overwriting math alphabet `\mathbf' in version `normal'
(Font)                  OT1/cmr/bx/n --> EU2/Shaker2Light(0)/bx/n on input line
 60.
LaTeX Font Info:    Overwriting math alphabet `\mathsf' in version `normal'
(Font)                  OT1/cmss/m/n --> EU2/lmss/m/n on input line 60.
LaTeX Font Info:    Overwriting math alphabet `\mathtt' in version `normal'
(Font)                  OT1/cmtt/m/n --> EU2/lmtt/m/n on input line 60.
LaTeX Font Info:    Overwriting symbol font `operators' in version `bold'
(Font)                  EU2/Shaker2Light(0)/m/n --> EU2/Shaker2Light(0)/bx/n on
 input line 60.
LaTeX Font Info:    Overwriting math alphabet `\mathrm' in version `bold'
(Font)                  EU2/Shaker2Light(0)/m/n --> EU2/Shaker2Light(0)/bx/n on
 input line 60.
LaTeX Font Info:    Overwriting math alphabet `\mathit' in version `bold'
(Font)                  OT1/cmr/bx/it --> EU2/Shaker2Light(0)/bx/it on input li
ne 60.
LaTeX Font Info:    Overwriting math alphabet `\mathsf' in version `bold'
(Font)                  OT1/cmss/bx/n --> EU2/lmss/bx/n on input line 60.
LaTeX Font Info:    Overwriting math alphabet `\mathtt' in version `bold'
(Font)                  OT1/cmtt/m/n --> EU2/lmtt/bx/n on input line 60.
luaotfload | load font: auto-selecting default features for script: dflt (was l
atn)
luaotfload | load font: font family='shaker2light', subfamily='regular' found: 
/home/hotaru/.fonts/licenced-for-harnham/Shaker/Shaker2L.otf
luaotfload | load font: auto-selecting default features for script: dflt (was l
atn)
luaotfload | load font: font family='shaker2light', subfamily='regular' found: 
/home/hotaru/.fonts/licenced-for-harnham/Shaker/Shaker2L.otf
luaotfload | load font: auto-selecting default features for script: dflt (was l
atn)
luaotfload | load font: font family='shaker2light', subfamily='regular' found: 
/home/hotaru/.fonts/licenced-for-harnham/Shaker/Shaker2L.otf
luaotfload | load font: auto-selecting default features for script: dflt (was l
atn)
luaotfload | load font: font family='shaker2light', subfamily='regular' found: 
/home/hotaru/.fonts/licenced-for-harnham/Shaker/Shaker2L.otf
LaTeX Font Info:    External font `cmex10' loaded for size
(Font)              <10.95> on input line 64.
LaTeX Font Info:    External font `cmex10' loaded for size
(Font)              <8> on input line 64.
LaTeX Font Info:    External font `cmex10' loaded for size
(Font)              <6> on input line 64.
[1


{/home/hotaru/texlive/2011/texmf-var/fonts/map/pdftex/updmap/pdftex.map}]
(./cover_front.aux) )

Here is how much of LuaTeX's memory you used:
 27069 strings out of 494987
 100000,662416 words of node,token memory allocated
 696 words of node memory still in use:
   4 hlist, 1 vlist, 1 rule, 2 glue, 1 glyph, 5 attribute, 135 glue_spec, 5 att
ribute_list, 3 write nodes
   avail lists: 2:285,3:62,4:156,5:6,6:129,7:4,9:83,10:21
 29762 multiletter control sequences out of 65536+200000
 40 fonts using 1937731 bytes
 61i,10n,55p,400b,467s stack positions out of 5000i,500n,10000p,200000b,50000s
</home/hotaru/.fonts/licenced-for-harnham/Shaker/Shaker2L.otf>
Output written on cover_front.pdf (1 page, 3556 bytes).

PDF statistics: 18 PDF objects out of 1000 (max. 8388607)
 11 compressed objects within 1 object stream
 0 named destinations out of 1000 (max. 131072)
 16 words of extra memory for PDF output out of 10000 (max. 10000000)

